-------------------------------------------------------------------------------
Test set: com.group57.librarybackend.LibrarybackendApplicationTests
-------------------------------------------------------------------------------
Tests run: 1, Failures: 0, Errors: 1, Skipped: 0, Time elapsed: 0.555 s <<< FAILURE! - in com.group57.librarybackend.LibrarybackendApplicationTests
com.group57.librarybackend.LibrarybackendApplicationTests  Time elapsed: 0.54 s  <<< ERROR!
java.lang.IllegalStateException: Unable to find a @SpringBootConfiguration, you need to use @ContextConfiguration or @SpringBootTest(classes=...) with your test

